C51 COMPILER V9.60.0.0   CAFE                                                              04/04/2021 17:59:47 PAGE 1   


C51 COMPILER V9.60.0.0, COMPILATION OF MODULE CAFE
OBJECT MODULE PLACED IN .\Objects\cafe.obj
COMPILER INVOKED BY: C:\Keil_v5\C51\BIN\C51.EXE cafe.c OPTIMIZE(8,SPEED) BROWSE DEBUG OBJECTEXTEND PRINT(.\Listings\cafe
                    -.lst) TABS(2) OBJECT(.\Objects\cafe.obj)

line level    source

   1          void cafe(){
   2   1        if(MOEDA == 1 & BOTAO_CAFE == 1){
*** ERROR C202 IN LINE 2 OF cafe.c: 'MOEDA': undefined identifier
   3   2          COPO = 0;
*** ERROR C202 IN LINE 3 OF cafe.c: 'COPO': undefined identifier
   4   2          CAFE = 1;
*** ERROR C202 IN LINE 4 OF cafe.c: 'CAFE': undefined identifier
   5   2          delay(100000);
   6   2          CAFE = 0;
   7   2          delay(100000);
   8   2          BOTAO_CAFE = 0;
   9   2          delay(100000);
  10   2          MOEDA = 0;
  11   2          delay(100000);
  12   2          COPO = 1;
  13   2        }
  14   1      }

C51 COMPILATION COMPLETE.  0 WARNING(S),  3 ERROR(S)
